app/build/outputs/logs/manifest-merger-debug-report.txt
-- Merging decision tree log ---
manifest
ADDED from src\main\AndroidManifest.xml:2:1-141:12
	package
		ADDED from src\main\AndroidManifest.xml:3:5-39
		INJECTED from src\main\AndroidManifest.xml
		INJECTED from src\main\AndroidManifest.xml
	android:versionName
		ADDED from src\main\AndroidManifest.xml:5:5-31
		INJECTED from src\main\AndroidManifest.xml
		INJECTED from src\main\AndroidManifest.xml
	android:versionCode
		ADDED from src\main\AndroidManifest.xml:4:5-29
		INJECTED from src\main\AndroidManifest.xml
		INJECTED from src\main\AndroidManifest.xml
	xmlns:android
		ADDED from src\main\AndroidManifest.xml:2:11-69
uses-sdk
ADDED from src\main\AndroidManifest.xml:7:5-73
MERGED from [io.realm:realm-android-library:0.89.1] AndroidManifest.xml:5:5-7:41
MERGED from [com.getkeepsafe.relinker:relinker:1.2.1] AndroidManifest.xml:7:5-43
MERGED from [com.android.volley:volley:1.0.0] AndroidManifest.xml:7:5-43
MERGED from [com.android.support:cardview-v7:23.4.0] AndroidManifest.xml:20:5-43
MERGED from [com.android.support:design:23.4.0] AndroidManifest.xml:20:5-43
MERGED from [com.android.support:recyclerview-v7:23.4.0] AndroidManifest.xml:20:5-43
MERGED from [com.android.support:support-v4:23.4.0] AndroidManifest.xml:20:5-43
MERGED from [com.android.support:appcompat-v7:23.4.0] AndroidManifest.xml:21:5-23:78
MERGED from [com.android.support:animated-vector-drawable:23.4.0] AndroidManifest.xml:5:5-44
MERGED from [com.android.support:support-vector-drawable:23.4.0] AndroidManifest.xml:5:5-43
MERGED from [de.hdodenhof:circleimageview:2.0.0] AndroidManifest.xml:5:5-7:41
	tools:overrideLibrary
		ADDED from [com.android.support:appcompat-v7:23.4.0] AndroidManifest.xml:23:9-75
	android:targetSdkVersion
		ADDED from src\main\AndroidManifest.xml:7:42-71
		INJECTED from src\main\AndroidManifest.xml
		INJECTED from src\main\AndroidManifest.xml
	android:minSdkVersion
		ADDED from src\main\AndroidManifest.xml:7:15-41
		INJECTED from src\main\AndroidManifest.xml
		INJECTED from src\main\AndroidManifest.xml
uses-permission#android.permission.INTERNET
ADDED from src\main\AndroidManifest.xml:9:5-66
	android:name
		ADDED from src\main\AndroidManifest.xml:9:22-64
uses-permission#android.permission.WRITE_EXTERNAL_STORAGE
ADDED from src\main\AndroidManifest.xml:10:5-80
	android:name
		ADDED from src\main\AndroidManifest.xml:10:22-78
uses-permission#android.permission.ACCESS_NETWORK_STATE
ADDED from src\main\AndroidManifest.xml:11:5-78
	android:name
		ADDED from src\main\AndroidManifest.xml:11:22-76
uses-permission#android.permission.BLUETOOTH
ADDED from src\main\AndroidManifest.xml:12:5-67
	android:name
		ADDED from src\main\AndroidManifest.xml:12:22-65
uses-permission#android.permission.BLUETOOTH_ADMIN
ADDED from src\main\AndroidManifest.xml:13:5-73
	android:name
		ADDED from src\main\AndroidManifest.xml:13:22-71
uses-permission#android.permission.ACCESS_WIFI_STATE
ADDED from src\main\AndroidManifest.xml:14:5-75
	android:name
		ADDED from src\main\AndroidManifest.xml:14:22-73
uses-permission#android.permission.READ_PHONE_STATE
ADDED from src\main\AndroidManifest.xml:15:5-74
	android:name
		ADDED from src\main\AndroidManifest.xml:15:22-72
uses-permission#android.permission.READ_EXTERNAL_STORAGE
ADDED from src\main\AndroidManifest.xml:16:5-79
	android:name
		ADDED from src\main\AndroidManifest.xml:16:22-77
application
ADDED from src\main\AndroidManifest.xml:18:5-139:19
MERGED from [com.android.volley:volley:1.0.0] AndroidManifest.xml:9:5-20
MERGED from [com.android.support:cardview-v7:23.4.0] AndroidManifest.xml:22:5-20
MERGED from [com.android.support:design:23.4.0] AndroidManifest.xml:22:5-20
MERGED from [com.android.support:support-v4:23.4.0] AndroidManifest.xml:22:5-20
MERGED from [com.android.support:appcompat-v7:23.4.0] AndroidManifest.xml:25:5-20
MERGED from [com.android.support:animated-vector-drawable:23.4.0] AndroidManifest.xml:7:5-20
MERGED from [com.android.support:support-vector-drawable:23.4.0] AndroidManifest.xml:7:5-20
MERGED from [de.hdodenhof:circleimageview:2.0.0] AndroidManifest.xml:9:5-20
	android:label
		ADDED from src\main\AndroidManifest.xml:21:9-41
	android:allowBackup
		ADDED from src\main\AndroidManifest.xml:22:9-35
	android:icon
		ADDED from src\main\AndroidManifest.xml:20:9-43
	android:name
		ADDED from src\main\AndroidManifest.xml:19:9-73
activity#com.ingenico.PointOfSale.SplashActivity
ADDED from src\main\AndroidManifest.xml:23:9-31:20
	android:screenOrientation
		ADDED from src\main\AndroidManifest.xml:24:13-50
	android:theme
		ADDED from src\main\AndroidManifest.xml:26:13-56
	android:name
		ADDED from src\main\AndroidManifest.xml:25:13-67
intent-filter#android.intent.action.MAIN+android.intent.category.LAUNCHER
ADDED from src\main\AndroidManifest.xml:27:13-30:29
action#android.intent.action.MAIN
ADDED from src\main\AndroidManifest.xml:28:17-69
	android:name
		ADDED from src\main\AndroidManifest.xml:28:25-66
category#android.intent.category.LAUNCHER
ADDED from src\main\AndroidManifest.xml:29:17-77
	android:name
		ADDED from src\main\AndroidManifest.xml:29:27-74
activity#com.ingenico.PointOfSale.WelcomeActivity
ADDED from src\main\AndroidManifest.xml:32:9-43:20
	android:screenOrientation
		ADDED from src\main\AndroidManifest.xml:37:13-50
	android:label
		ADDED from src\main\AndroidManifest.xml:34:13-45
	android:launchMode
		ADDED from src\main\AndroidManifest.xml:36:13-48
	android:theme
		ADDED from src\main\AndroidManifest.xml:35:13-44
	android:name
		ADDED from src\main\AndroidManifest.xml:33:13-68
intent-filter#android.intent.action.MAIN+android.intent.category.DEFAULT
ADDED from src\main\AndroidManifest.xml:38:13-42:29
category#android.intent.category.DEFAULT
ADDED from src\main\AndroidManifest.xml:41:17-76
	android:name
		ADDED from src\main\AndroidManifest.xml:41:27-73
activity#com.ingenico.PointOfSale.InputSimulActivity
ADDED from src\main\AndroidManifest.xml:44:9-49:20
	android:screenOrientation
		ADDED from src\main\AndroidManifest.xml:47:13-49
	android:label
		ADDED from src\main\AndroidManifest.xml:46:13-48
	android:theme
		ADDED from src\main\AndroidManifest.xml:48:13-55
	android:name
		ADDED from src\main\AndroidManifest.xml:45:13-71
activity#com.ingenico.PointOfSale.PclLoopTestActivity
ADDED from src\main\AndroidManifest.xml:50:9-55:20
	android:screenOrientation
		ADDED from src\main\AndroidManifest.xml:53:13-49
	android:label
		ADDED from src\main\AndroidManifest.xml:52:13-46
	android:theme
		ADDED from src\main\AndroidManifest.xml:54:13-55
	android:name
		ADDED from src\main\AndroidManifest.xml:51:13-72
activity#com.ingenico.PointOfSale.TestListActivity
ADDED from src\main\AndroidManifest.xml:56:9-60:20
	android:label
		ADDED from src\main\AndroidManifest.xml:58:13-61
	android:theme
		ADDED from src\main\AndroidManifest.xml:59:13-55
	android:name
		ADDED from src\main\AndroidManifest.xml:57:13-69
activity#com.ingenico.PointOfSale.DetailedTestListActivity
ADDED from src\main\AndroidManifest.xml:61:9-65:20
	android:label
		ADDED from src\main\AndroidManifest.xml:63:13-70
	android:theme
		ADDED from src\main\AndroidManifest.xml:64:13-55
	android:name
		ADDED from src\main\AndroidManifest.xml:62:13-77
activity#com.ingenico.PointOfSale.TestActivity
ADDED from src\main\AndroidManifest.xml:66:9-71:20
	android:label
		ADDED from src\main\AndroidManifest.xml:68:13-56
	android:configChanges
		ADDED from src\main\AndroidManifest.xml:70:13-48
	android:theme
		ADDED from src\main\AndroidManifest.xml:69:13-55
	android:name
		ADDED from src\main\AndroidManifest.xml:67:13-65
activity#com.ingenico.PointOfSale.CaptureSignature
ADDED from src\main\AndroidManifest.xml:72:9-75:46
	android:label
		ADDED from src\main\AndroidManifest.xml:72:76-114
	android:excludeFromRecents
		ADDED from src\main\AndroidManifest.xml:74:13-46
	android:launchMode
		ADDED from src\main\AndroidManifest.xml:75:13-43
	android:theme
		ADDED from src\main\AndroidManifest.xml:73:13-56
	android:name
		ADDED from src\main\AndroidManifest.xml:72:19-75
activity#com.ingenico.PointOfSale.BcrSetupActivity
ADDED from src\main\AndroidManifest.xml:76:9-80:20
	android:label
		ADDED from src\main\AndroidManifest.xml:78:13-61
	android:theme
		ADDED from src\main\AndroidManifest.xml:79:13-55
	android:name
		ADDED from src\main\AndroidManifest.xml:77:13-69
activity#com.ingenico.PointOfSale.SymbologiesActivity
ADDED from src\main\AndroidManifest.xml:82:9-86:20
	android:label
		ADDED from src\main\AndroidManifest.xml:84:13-63
	android:theme
		ADDED from src\main\AndroidManifest.xml:85:13-55
	android:name
		ADDED from src\main\AndroidManifest.xml:83:13-72
activity#com.ingenico.PointOfSale.ZoneActivity.LoginActivity
ADDED from src\main\AndroidManifest.xml:98:9-103:20
	android:windowSoftInputMode
		ADDED from src\main\AndroidManifest.xml:101:13-54
	android:theme
		ADDED from src\main\AndroidManifest.xml:100:13-56
	android:name
		ADDED from src\main\AndroidManifest.xml:99:13-79
activity#com.ingenico.PointOfSale.ZoneActivity.ChoiceOutlet
ADDED from src\main\AndroidManifest.xml:105:9-111:20
	android:label
		ADDED from src\main\AndroidManifest.xml:107:13-55
	android:windowSoftInputMode
		ADDED from src\main\AndroidManifest.xml:109:13-54
	android:theme
		ADDED from src\main\AndroidManifest.xml:108:13-44
	android:name
		ADDED from src\main\AndroidManifest.xml:106:13-78
activity#com.ingenico.PointOfSale.ZoneActivity.StaffDashboardActivity
ADDED from src\main\AndroidManifest.xml:113:9-119:20
	android:label
		ADDED from src\main\AndroidManifest.xml:116:13-52
	android:windowSoftInputMode
		ADDED from src\main\AndroidManifest.xml:117:13-54
	android:theme
		ADDED from src\main\AndroidManifest.xml:115:13-44
	android:name
		ADDED from src\main\AndroidManifest.xml:114:13-88
activity#com.ingenico.PointOfSale.CashRegisterActivity
ADDED from src\main\AndroidManifest.xml:121:9-127:20
	android:windowSoftInputMode
		ADDED from src\main\AndroidManifest.xml:124:13-54
	android:uiOptions
		ADDED from src\main\AndroidManifest.xml:125:13-57
	android:theme
		ADDED from src\main\AndroidManifest.xml:123:13-56
	android:name
		ADDED from src\main\AndroidManifest.xml:122:13-49
activity#com.ingenico.PointOfSale.ZoneActivity.PaymentSuccess
ADDED from src\main\AndroidManifest.xml:129:9-134:20
	android:windowSoftInputMode
		ADDED from src\main\AndroidManifest.xml:132:13-54
	android:theme
		ADDED from src\main\AndroidManifest.xml:131:13-56
	android:name
		ADDED from src\main\AndroidManifest.xml:130:13-80
service#com.ingenico.pclservice.PclService
ADDED from src\main\AndroidManifest.xml:136:9-70
	android:name
		ADDED from src\main\AndroidManifest.xml:136:18-67
service#com.ingenico.pclservice.BluetoothService
ADDED from src\main\AndroidManifest.xml:137:9-76
	android:name
		ADDED from src\main\AndroidManifest.xml:137:18-73